app/build/intermediates/manifest_merge_blame_file/debug/manifest-merger-blame-debug-report.txt
1<?xml version="1.0" encoding="utf-8"?>
2<manifest xmlns:android="http://schemas.android.com/apk/res/android"
3    package="net.czlz.ida_debugger"
4    android:versionCode="1"
5    android:versionName="1.0" >
6
7    <uses-sdk
8        android:minSdkVersion="16"
8-->src\main\AndroidManifest.xml
9        android:targetSdkVersion="33" />
9-->src\main\AndroidManifest.xml
10
11    <uses-permission android:name="android.permission.ACCESS_WIFI_STATE" />
11-->src\main\AndroidManifest.xml:4:5-75
11-->src\main\AndroidManifest.xml:4:22-73
12    <uses-permission android:name="android.permission.CHANGE_WIFI_STATE" />
12-->src\main\AndroidManifest.xml:5:5-75
12-->src\main\AndroidManifest.xml:5:22-73
13    <uses-permission android:name="android.permission.WAKE_LOCK" />
13-->src\main\AndroidManifest.xml:6:5-67
13-->src\main\AndroidManifest.xml:6:22-65
14    <uses-permission android:name="android.permission.WRITE_SETTINGS" />
14-->src\main\AndroidManifest.xml:7:5-8:47
14-->src\main\AndroidManifest.xml:7:22-70
15
16    <application
16-->src\main\AndroidManifest.xml:9:5-18:19
17        android:allowBackup="true"
17-->src\main\AndroidManifest.xml:9:18-44
18        android:appComponentFactory="androidx.core.app.CoreComponentFactory"
18-->[androidx.core:core:1.3.2] AndroidManifest.xml:24:18-86
19        android:debuggable="true"
20        android:icon="@mipmap/ic_launcher"
20-->src\main\AndroidManifest.xml:9:45-79
21        android:label="@string/app_name"
21-->src\main\AndroidManifest.xml:9:80-112
22        android:supportsRtl="true"
22-->src\main\AndroidManifest.xml:9:113-139
23        android:testOnly="true"
24        android:theme="@style/AppTheme" >
24-->src\main\AndroidManifest.xml:9:140-171
25        <activity
25-->src\main\AndroidManifest.xml:10:9-16:20
26            android:name="net.czlz.ida_debugger.MainActivity"
26-->src\main\AndroidManifest.xml:10:19-47
27            android:exported="true" >
27-->src\main\AndroidManifest.xml:11:13-36
28            <intent-filter>
28-->src\main\AndroidManifest.xml:12:13-15:29
29                <action android:name="android.intent.action.MAIN" />
29-->src\main\AndroidManifest.xml:13:17-68
29-->src\main\AndroidManifest.xml:13:25-66
30
31                <category android:name="android.intent.category.LAUNCHER" />
31-->src\main\AndroidManifest.xml:14:17-76
31-->src\main\AndroidManifest.xml:14:27-74
32            </intent-filter>
33        </activity>
34
35        <service
35-->src\main\AndroidManifest.xml:17:9-115
36            android:name="net.czlz.ida_debugger.DebugServer"
36-->src\main\AndroidManifest.xml:17:65-113
37            android:enabled="true"
37-->src\main\AndroidManifest.xml:17:18-40
38            android:exported="true" />
38-->src\main\AndroidManifest.xml:17:41-64
39
40        <provider
40-->[androidx.lifecycle:lifecycle-process:2.0.0] AndroidManifest.xml:23:9-27:43
41            android:name="androidx.lifecycle.ProcessLifecycleOwnerInitializer"
41-->[androidx.lifecycle:lifecycle-process:2.0.0] AndroidManifest.xml:24:13-79
42            android:authorities="net.czlz.ida_debugger.lifecycle-process"
42-->[androidx.lifecycle:lifecycle-process:2.0.0] AndroidManifest.xml:25:13-69
43            android:exported="false"
43-->[androidx.lifecycle:lifecycle-process:2.0.0] AndroidManifest.xml:26:13-37
44            android:multiprocess="true" />
44-->[androidx.lifecycle:lifecycle-process:2.0.0] AndroidManifest.xml:27:13-40
45    </application>
46
47</manifest>